# JRE version: OpenJDK Runtime Environment (11.0.15) (build 11.0.15+0-b2043.56-8887301)
# Java VM: OpenJDK 64-Bit Server VM (11.0.15+0-b2043.56-8887301, mixed mode, tiered, compressed oops, g1 gc, windows-amd64)
Heap:
 garbage-first heap   total 256000K, used 79251K [0x0000000080000000, 0x0000000100000000)
  region size 1024K, 7 young (7168K), 7 survivors (7168K)
 Metaspace       used 45039K, capacity 46288K, committed 46384K, reserved 1089536K
  class space    used 5714K, capacity 6178K, committed 6272K, reserved 1048576K
GC Heap History (20 events):
Event: 41.053 GC heap after
{Heap after GC invocations=115 (full 0):
 garbage-first heap   total 177152K, used 73406K [0x0000000080000000, 0x0000000100000000)
  region size 1024K, 6 young (6144K), 6 survivors (6144K)
 Metaspace       used 45029K, capacity 46288K, committed 46384K, reserved 1089536K
  class space    used 5713K, capacity 6178K, committed 6272K, reserved 1048576K
}
Event: 41.772 GC heap before
{Heap before GC invocations=115 (full 0):
 garbage-first heap   total 177152K, used 152254K [0x0000000080000000, 0x0000000100000000)
  region size 1024K, 83 young (84992K), 6 survivors (6144K)
 Metaspace       used 45029K, capacity 46288K, committed 46384K, reserved 1089536K
  class space    used 5713K, capacity 6178K, committed 6272K, reserved 1048576K
}
Event: 41.782 GC heap after
{Heap after GC invocations=116 (full 0):
 garbage-first heap   total 177152K, used 74101K [0x0000000080000000, 0x0000000100000000)
  region size 1024K, 7 young (7168K), 7 survivors (7168K)
 Metaspace       used 45029K, capacity 46288K, committed 46384K, reserved 1089536K
  class space    used 5713K, capacity 6178K, committed 6272K, reserved 1048576K
}
Event: 42.161 GC heap before
{Heap before GC invocations=116 (full 0):
 garbage-first heap   total 177152K, used 150901K [0x0000000080000000, 0x0000000100000000)
  region size 1024K, 82 young (83968K), 7 survivors (7168K)
 Metaspace       used 45030K, capacity 46288K, committed 46384K, reserved 1089536K
  class space    used 5713K, capacity 6178K, committed 6272K, reserved 1048576K
}
Event: 42.180 GC heap after
{Heap after GC invocations=117 (full 0):
 garbage-first heap   total 177152K, used 74921K [0x0000000080000000, 0x0000000100000000)
  region size 1024K, 7 young (7168K), 7 survivors (7168K)
 Metaspace       used 45030K, capacity 46288K, committed 46384K, reserved 1089536K
  class space    used 5713K, capacity 6178K, committed 6272K, reserved 1048576K
}
Event: 42.565 GC heap before
{Heap before GC invocations=117 (full 0):
 garbage-first heap   total 177152K, used 150697K [0x0000000080000000, 0x0000000100000000)
  region size 1024K, 81 young (82944K), 7 survivors (7168K)
 Metaspace       used 45030K, capacity 46288K, committed 46384K, reserved 1089536K
  class space    used 5713K, capacity 6178K, committed 6272K, reserved 1048576K
}
Event: 42.579 GC heap after
{Heap after GC invocations=118 (full 0):
 garbage-first heap   total 177152K, used 75640K [0x0000000080000000, 0x0000000100000000)
  region size 1024K, 7 young (7168K), 7 survivors (7168K)
 Metaspace       used 45030K, capacity 46288K, committed 46384K, reserved 1089536K
  class space    used 5713K, capacity 6178K, committed 6272K, reserved 1048576K
}
Event: 42.840 GC heap before
{Heap before GC invocations=118 (full 0):
 garbage-first heap   total 177152K, used 150392K [0x0000000080000000, 0x0000000100000000)
  region size 1024K, 80 young (81920K), 7 survivors (7168K)
 Metaspace       used 45030K, capacity 46288K, committed 46384K, reserved 1089536K
  class space    used 5713K, capacity 6178K, committed 6272K, reserved 1048576K
}
Event: 42.854 GC heap after
{Heap after GC invocations=119 (full 0):
 garbage-first heap   total 177152K, used 75938K [0x0000000080000000, 0x0000000100000000)
  region size 1024K, 6 young (6144K), 6 survivors (6144K)
 Metaspace       used 45030K, capacity 46288K, committed 46384K, reserved 1089536K
  class space    used 5713K, capacity 6178K, committed 6272K, reserved 1048576K
}
Event: 43.123 GC heap before
{Heap before GC invocations=119 (full 0):
 garbage-first heap   total 177152K, used 151714K [0x0000000080000000, 0x0000000100000000)
  region size 1024K, 80 young (81920K), 6 survivors (6144K)
 Metaspace       used 45030K, capacity 46288K, committed 46384K, reserved 1089536K
  class space    used 5713K, capacity 6178K, committed 6272K, reserved 1048576K
}
Event: 43.144 GC heap after
{Heap after GC invocations=120 (full 0):
 garbage-first heap   total 177152K, used 76750K [0x0000000080000000, 0x0000000100000000)
  region size 1024K, 6 young (6144K), 6 survivors (6144K)
 Metaspace       used 45030K, capacity 46288K, committed 46384K, reserved 1089536K
  class space    used 5713K, capacity 6178K, committed 6272K, reserved 1048576K
}
Event: 43.470 GC heap before
{Heap before GC invocations=120 (full 0):
 garbage-first heap   total 177152K, used 151502K [0x0000000080000000, 0x0000000100000000)
  region size 1024K, 79 young (80896K), 6 survivors (6144K)
 Metaspace       used 45032K, capacity 46288K, committed 46384K, reserved 1089536K
  class space    used 5714K, capacity 6178K, committed 6272K, reserved 1048576K
}
Event: 43.483 GC heap after
{Heap after GC invocations=121 (full 0):
 garbage-first heap   total 212992K, used 77703K [0x0000000080000000, 0x0000000100000000)
  region size 1024K, 6 young (6144K), 6 survivors (6144K)
 Metaspace       used 45032K, capacity 46288K, committed 46384K, reserved 1089536K
  class space    used 5714K, capacity 6178K, committed 6272K, reserved 1048576K
}
Event: 44.043 GC heap before
{Heap before GC invocations=121 (full 0):
 garbage-first heap   total 212992K, used 169863K [0x0000000080000000, 0x0000000100000000)
  region size 1024K, 96 young (98304K), 6 survivors (6144K)
 Metaspace       used 45033K, capacity 46288K, committed 46384K, reserved 1089536K
  class space    used 5714K, capacity 6178K, committed 6272K, reserved 1048576K
}
Event: 44.054 GC heap after
{Heap after GC invocations=122 (full 0):
 garbage-first heap   total 212992K, used 78215K [0x0000000080000000, 0x0000000100000000)
  region size 1024K, 7 young (7168K), 7 survivors (7168K)
 Metaspace       used 45033K, capacity 46288K, committed 46384K, reserved 1089536K
  class space    used 5714K, capacity 6178K, committed 6272K, reserved 1048576K
}
Event: 44.443 GC heap before
{Heap before GC invocations=122 (full 0):
 garbage-first heap   total 212992K, used 176519K [0x0000000080000000, 0x0000000100000000)
  region size 1024K, 100 young (102400K), 7 survivors (7168K)
 Metaspace       used 45033K, capacity 46288K, committed 46384K, reserved 1089536K
  class space    used 5714K, capacity 6178K, committed 6272K, reserved 1048576K
}
Event: 44.454 GC heap after
{Heap after GC invocations=123 (full 0):
 garbage-first heap   total 212992K, used 75928K [0x0000000080000000, 0x0000000100000000)
  region size 1024K, 8 young (8192K), 8 survivors (8192K)
 Metaspace       used 45033K, capacity 46288K, committed 46384K, reserved 1089536K
  class space    used 5714K, capacity 6178K, committed 6272K, reserved 1048576K
}
Event: 44.998 GC heap before
{Heap before GC invocations=123 (full 0):
 garbage-first heap   total 212992K, used 178328K [0x0000000080000000, 0x0000000100000000)
  region size 1024K, 105 young (107520K), 8 survivors (8192K)
 Metaspace       used 45039K, capacity 46288K, committed 46384K, reserved 1089536K
  class space    used 5714K, capacity 6178K, committed 6272K, reserved 1048576K
}
Event: 45.007 GC heap after
{Heap after GC invocations=124 (full 0):
 garbage-first heap   total 212992K, used 74131K [0x0000000080000000, 0x0000000100000000)
  region size 1024K, 5 young (5120K), 5 survivors (5120K)
 Metaspace       used 45039K, capacity 46288K, committed 46384K, reserved 1089536K
  class space    used 5714K, capacity 6178K, committed 6272K, reserved 1048576K
}
Event: 45.468 GC heap before
{Heap before GC invocations=124 (full 0):
 garbage-first heap   total 212992K, used 186771K [0x0000000080000000, 0x0000000100000000)
  region size 1024K, 112 young (114688K), 5 survivors (5120K)
 Metaspace       used 45039K, capacity 46288K, committed 46384K, reserved 1089536K
  class space    used 5714K, capacity 6178K, committed 6272K, reserved 1048576K
}

