# JRE version: OpenJDK Runtime Environment (11.0.15) (build 11.0.15+0-b2043.56-8887301)
# Java VM: OpenJDK 64-Bit Server VM (11.0.15+0-b2043.56-8887301, mixed mode, tiered, compressed oops, g1 gc, windows-amd64)
Heap:
 garbage-first heap   total 261120K, used 125388K [0x0000000080000000, 0x0000000100000000)
  region size 1024K, 42 young (43008K), 5 survivors (5120K)
 Metaspace       used 50932K, capacity 52316K, committed 52528K, reserved 1095680K
  class space    used 6482K, capacity 6970K, committed 7040K, reserved 1048576K
GC Heap History (20 events):
Event: 45.890 GC heap before
{Heap before GC invocations=64 (full 0):
 garbage-first heap   total 217088K, used 171354K [0x0000000080000000, 0x0000000100000000)
  region size 1024K, 89 young (91136K), 4 survivors (4096K)
 Metaspace       used 50219K, capacity 51544K, committed 51632K, reserved 1093632K
  class space    used 6408K, capacity 6892K, committed 6912K, reserved 1048576K
}
Event: 45.898 GC heap after
{Heap after GC invocations=65 (full 0):
 garbage-first heap   total 217088K, used 84903K [0x0000000080000000, 0x0000000100000000)
  region size 1024K, 4 young (4096K), 4 survivors (4096K)
 Metaspace       used 50219K, capacity 51544K, committed 51632K, reserved 1093632K
  class space    used 6408K, capacity 6892K, committed 6912K, reserved 1048576K
}
Event: 46.377 GC heap before
{Heap before GC invocations=65 (full 0):
 garbage-first heap   total 217088K, used 176039K [0x0000000080000000, 0x0000000100000000)
  region size 1024K, 93 young (95232K), 4 survivors (4096K)
 Metaspace       used 50219K, capacity 51544K, committed 51632K, reserved 1093632K
  class space    used 6408K, capacity 6892K, committed 6912K, reserved 1048576K
}
Event: 46.387 GC heap after
{Heap after GC invocations=66 (full 0):
 garbage-first heap   total 217088K, used 85427K [0x0000000080000000, 0x0000000100000000)
  region size 1024K, 5 young (5120K), 5 survivors (5120K)
 Metaspace       used 50219K, capacity 51544K, committed 51632K, reserved 1093632K
  class space    used 6408K, capacity 6892K, committed 6912K, reserved 1048576K
}
Event: 46.690 GC heap before
{Heap before GC invocations=66 (full 0):
 garbage-first heap   total 217088K, used 176563K [0x0000000080000000, 0x0000000100000000)
  region size 1024K, 94 young (96256K), 5 survivors (5120K)
 Metaspace       used 50219K, capacity 51544K, committed 51632K, reserved 1093632K
  class space    used 6408K, capacity 6892K, committed 6912K, reserved 1048576K
}
Event: 46.699 GC heap after
{Heap after GC invocations=67 (full 0):
 garbage-first heap   total 217088K, used 86119K [0x0000000080000000, 0x0000000100000000)
  region size 1024K, 5 young (5120K), 5 survivors (5120K)
 Metaspace       used 50219K, capacity 51544K, committed 51632K, reserved 1093632K
  class space    used 6408K, capacity 6892K, committed 6912K, reserved 1048576K
}
Event: 46.975 GC heap before
{Heap before GC invocations=67 (full 0):
 garbage-first heap   total 217088K, used 178279K [0x0000000080000000, 0x0000000100000000)
  region size 1024K, 95 young (97280K), 5 survivors (5120K)
 Metaspace       used 50219K, capacity 51544K, committed 51632K, reserved 1093632K
  class space    used 6408K, capacity 6892K, committed 6912K, reserved 1048576K
}
Event: 46.984 GC heap after
{Heap after GC invocations=68 (full 0):
 garbage-first heap   total 217088K, used 87063K [0x0000000080000000, 0x0000000100000000)
  region size 1024K, 6 young (6144K), 6 survivors (6144K)
 Metaspace       used 50219K, capacity 51544K, committed 51632K, reserved 1093632K
  class space    used 6408K, capacity 6892K, committed 6912K, reserved 1048576K
}
Event: 48.596 GC heap before
{Heap before GC invocations=68 (full 0):
 garbage-first heap   total 217088K, used 183319K [0x0000000080000000, 0x0000000100000000)
  region size 1024K, 96 young (98304K), 6 survivors (6144K)
 Metaspace       used 50323K, capacity 51633K, committed 51888K, reserved 1093632K
  class space    used 6423K, capacity 6900K, committed 6912K, reserved 1048576K
}
Event: 48.604 GC heap after
{Heap after GC invocations=69 (full 0):
 garbage-first heap   total 261120K, used 85082K [0x0000000080000000, 0x0000000100000000)
  region size 1024K, 4 young (4096K), 4 survivors (4096K)
 Metaspace       used 50323K, capacity 51633K, committed 51888K, reserved 1093632K
  class space    used 6423K, capacity 6900K, committed 6912K, reserved 1048576K
}
Event: 49.087 GC heap before
{Heap before GC invocations=69 (full 0):
 garbage-first heap   total 261120K, used 191578K [0x0000000080000000, 0x0000000100000000)
  region size 1024K, 108 young (110592K), 4 survivors (4096K)
 Metaspace       used 50324K, capacity 51633K, committed 51888K, reserved 1093632K
  class space    used 6424K, capacity 6900K, committed 6912K, reserved 1048576K
}
Event: 49.094 GC heap after
{Heap after GC invocations=70 (full 0):
 garbage-first heap   total 261120K, used 86824K [0x0000000080000000, 0x0000000100000000)
  region size 1024K, 6 young (6144K), 6 survivors (6144K)
 Metaspace       used 50324K, capacity 51633K, committed 51888K, reserved 1093632K
  class space    used 6424K, capacity 6900K, committed 6912K, reserved 1048576K
}
Event: 49.522 GC heap before
{Heap before GC invocations=70 (full 0):
 garbage-first heap   total 261120K, used 201512K [0x0000000080000000, 0x0000000100000000)
  region size 1024K, 118 young (120832K), 6 survivors (6144K)
 Metaspace       used 50387K, capacity 51718K, committed 51888K, reserved 1093632K
  class space    used 6436K, capacity 6907K, committed 6912K, reserved 1048576K
}
Event: 49.531 GC heap after
{Heap after GC invocations=71 (full 0):
 garbage-first heap   total 261120K, used 88167K [0x0000000080000000, 0x0000000100000000)
  region size 1024K, 7 young (7168K), 7 survivors (7168K)
 Metaspace       used 50387K, capacity 51718K, committed 51888K, reserved 1093632K
  class space    used 6436K, capacity 6907K, committed 6912K, reserved 1048576K
}
Event: 49.965 GC heap before
{Heap before GC invocations=71 (full 0):
 garbage-first heap   total 261120K, used 210023K [0x0000000080000000, 0x0000000100000000)
  region size 1024K, 126 young (129024K), 7 survivors (7168K)
 Metaspace       used 50387K, capacity 51718K, committed 51888K, reserved 1093632K
  class space    used 6436K, capacity 6907K, committed 6912K, reserved 1048576K
}
Event: 49.977 GC heap after
{Heap after GC invocations=72 (full 0):
 garbage-first heap   total 261120K, used 89955K [0x0000000080000000, 0x0000000100000000)
  region size 1024K, 9 young (9216K), 9 survivors (9216K)
 Metaspace       used 50387K, capacity 51718K, committed 51888K, reserved 1093632K
  class space    used 6436K, capacity 6907K, committed 6912K, reserved 1048576K
}
Event: 50.473 GC heap before
{Heap before GC invocations=72 (full 0):
 garbage-first heap   total 261120K, used 215907K [0x0000000080000000, 0x0000000100000000)
  region size 1024K, 130 young (133120K), 9 survivors (9216K)
 Metaspace       used 50434K, capacity 51718K, committed 51888K, reserved 1093632K
  class space    used 6439K, capacity 6907K, committed 6912K, reserved 1048576K
}
Event: 50.480 GC heap after
{Heap after GC invocations=73 (full 0):
 garbage-first heap   total 261120K, used 81909K [0x0000000080000000, 0x0000000100000000)
  region size 1024K, 4 young (4096K), 4 survivors (4096K)
 Metaspace       used 50434K, capacity 51718K, committed 51888K, reserved 1093632K
  class space    used 6439K, capacity 6907K, committed 6912K, reserved 1048576K
}
Event: 52.718 GC heap before
{Heap before GC invocations=73 (full 0):
 garbage-first heap   total 261120K, used 228341K [0x0000000080000000, 0x0000000100000000)
  region size 1024K, 141 young (144384K), 4 survivors (4096K)
 Metaspace       used 50626K, capacity 51958K, committed 52272K, reserved 1095680K
  class space    used 6448K, capacity 6918K, committed 7040K, reserved 1048576K
}
Event: 52.727 GC heap after
{Heap after GC invocations=74 (full 0):
 garbage-first heap   total 261120K, used 88524K [0x0000000080000000, 0x0000000100000000)
  region size 1024K, 5 young (5120K), 5 survivors (5120K)
 Metaspace       used 50626K, capacity 51958K, committed 52272K, reserved 1095680K
  class space    used 6448K, capacity 6918K, committed 7040K, reserved 1048576K
}

